<?xml version="1.0" encoding="UTF-8"?>
<!-- Generated by org.testng.reporters.JUnitReportReporter -->
<testsuite hostname="DESKTOP-FV3H1D7" failures="0" tests="3" name="com.testng.LoginMutualFund" time="35.698" errors="0" timestamp="2022-05-07T12:31:53 IST" skipped="0">
  <testcase classname="com.testng.LoginMutualFund" name="f" time="21.343"/>
  <system-out/>
  <testcase classname="com.testng.LoginMutualFund" name="LoginAdminUser" time="8.677"/>
  <system-out/>
  <testcase classname="com.testng.LoginMutualFund" name="LoginAdminUser1" time="5.678"/>
  <system-out/>
</testsuite> <!-- com.testng.LoginMutualFund -->
