<?xml version="1.0" encoding="UTF-8"?>
<!-- Generated by org.testng.reporters.JUnitReportReporter -->
<testsuite hostname="DESKTOP-FV3H1D7" failures="0" tests="1" name="com.selenium.webobject.Code_For_Alert_2" time="21.692" errors="0" timestamp="2022-05-14T12:11:55 IST" skipped="0">
  <testcase classname="com.selenium.webobject.Code_For_Alert_2" name="Code_For_Alert_Test" time="21.692"/>
  <system-out/>
</testsuite> <!-- com.selenium.webobject.Code_For_Alert_2 -->
