<?xml version="1.0" encoding="UTF-8"?>
<!-- Generated by org.testng.reporters.JUnitReportReporter -->
<testsuite hostname="DESKTOP-FV3H1D7" failures="0" tests="1" name="com.selenium.webobject.Code_For_navigate_4" time="37.860" errors="0" timestamp="2022-05-14T12:43:50 IST" skipped="0">
  <testcase classname="com.selenium.webobject.Code_For_navigate_4" name="Code_For_navigate" time="37.860"/>
  <system-out/>
</testsuite> <!-- com.selenium.webobject.Code_For_navigate_4 -->
