<?xml version="1.0" encoding="UTF-8"?>
<!-- Generated by org.testng.reporters.JUnitReportReporter -->
<testsuite hostname="DESKTOP-FV3H1D7" failures="0" tests="2" name="com.selenium.webobject.Code_For_WindowTab_8" time="51.958" errors="0" timestamp="2022-05-14T13:02:52 IST" skipped="0">
  <testcase classname="com.selenium.webobject.Code_For_WindowTab_8" name="Tab" time="0.049"/>
  <system-out/>
  <testcase classname="com.selenium.webobject.Code_For_WindowTab_8" name="tabFlipkart" time="51.909"/>
  <system-out/>
</testsuite> <!-- com.selenium.webobject.Code_For_WindowTab_8 -->
