<?xml version="1.0" encoding="UTF-8"?>
<!-- Generated by org.testng.reporters.JUnitReportReporter -->
<testsuite hostname="DESKTOP-FV3H1D7" failures="0" tests="1" name="com.selenium.webobject.Code_For_MouseHandle_7" time="53.151" errors="0" timestamp="2022-05-14T12:59:06 IST" skipped="0">
  <testcase classname="com.selenium.webobject.Code_For_MouseHandle_7" name="Code_For_MouseHandle_Test" time="53.151"/>
  <system-out/>
</testsuite> <!-- com.selenium.webobject.Code_For_MouseHandle_7 -->
