<?xml version="1.0" encoding="UTF-8"?>
<!-- Generated by org.testng.reporters.JUnitReportReporter -->
<testsuite hostname="DESKTOP-FV3H1D7" failures="0" tests="1" name="com.selenium.basictest.Assignment2" time="23.160" errors="0" timestamp="2022-05-14T09:55:57 IST" skipped="0">
  <testcase classname="com.selenium.basictest.Assignment2" name="Bokking" time="23.160"/>
  <system-out/>
</testsuite> <!-- com.selenium.basictest.Assignment2 -->
