<?xml version="1.0" encoding="UTF-8"?>
<!-- Generated by org.testng.reporters.JUnitReportReporter -->
<testsuite hostname="DESKTOP-FV3H1D7" failures="0" tests="2" name="com.testng.HardAssertTest" time="20.894" errors="0" timestamp="2022-05-08T11:14:37 IST" skipped="0">
  <testcase classname="com.testng.HardAssertTest" name="verifyLoginPage" time="15.067"/>
  <system-out/>
  <testcase classname="com.testng.HardAssertTest" name="verifyHomePage" time="5.827"/>
  <system-out/>
</testsuite> <!-- com.testng.HardAssertTest -->
