<?xml version="1.0" encoding="UTF-8"?>
<!-- Generated by org.testng.reporters.JUnitReportReporter -->
<testsuite hostname="DESKTOP-FV3H1D7" failures="0" tests="2" name="com.selenium.keywordDriven.FixedDeposit_Test" time="52.520" errors="0" timestamp="2022-05-21T11:38:27 IST" skipped="0">
  <testcase classname="com.selenium.keywordDriven.FixedDeposit_Test" name="fd_1lakh" time="34.617"/>
  <system-out/>
  <testcase classname="com.selenium.keywordDriven.FixedDeposit_Test" name="fd_4lakh" time="17.903"/>
  <system-out/>
</testsuite> <!-- com.selenium.keywordDriven.FixedDeposit_Test -->
