<?xml version="1.0" encoding="UTF-8"?>
<!-- Generated by org.testng.reporters.JUnitReportReporter -->
<testsuite hostname="DESKTOP-FV3H1D7" failures="0" tests="1" name="com.selenium.webobject.Code_For_IFrame_3" time="22.598" errors="0" timestamp="2022-05-14T12:33:03 IST" skipped="0">
  <testcase classname="com.selenium.webobject.Code_For_IFrame_3" name="Code_For_IFrame_Test" time="22.598"/>
  <system-out/>
</testsuite> <!-- com.selenium.webobject.Code_For_IFrame_3 -->
