<?xml version="1.0" encoding="UTF-8"?>
<!-- Generated by org.testng.reporters.JUnitReportReporter -->
<testsuite hostname="DESKTOP-FV3H1D7" failures="0" tests="1" name="com.selenium.webobject.Code_For_CountElements_1" time="17.344" errors="0" timestamp="2022-05-14T12:10:15 IST" skipped="0">
  <testcase classname="com.selenium.webobject.Code_For_CountElements_1" name="CountWebElement" time="17.344"/>
  <system-out/>
</testsuite> <!-- com.selenium.webobject.Code_For_CountElements_1 -->
