<?xml version="1.0" encoding="UTF-8"?>
<!-- Generated by org.testng.reporters.JUnitReportReporter -->
<testsuite hostname="DESKTOP-FV3H1D7" failures="0" tests="2" name="com.selenium.webobject.BrowserCode" time="52.517" errors="0" timestamp="2022-05-15T13:10:09 IST" skipped="0">
  <testcase classname="com.selenium.webobject.BrowserCode" name="chromeTest" time="14.078"/>
  <system-out/>
  <testcase classname="com.selenium.webobject.BrowserCode" name="edgeTest" time="38.439"/>
  <system-out/>
</testsuite> <!-- com.selenium.webobject.BrowserCode -->
