<?xml version="1.0" encoding="UTF-8"?>
<!-- Generated by org.testng.reporters.JUnitReportReporter -->
<testsuite hostname="DESKTOP-FV3H1D7" failures="0" tests="2" name="com.selenium.webobject.BrowserCode_WebDriverManager" time="54.885" errors="0" timestamp="2022-05-15T13:27:10 IST" skipped="0">
  <testcase classname="com.selenium.webobject.BrowserCode_WebDriverManager" name="chromeTest" time="24.069"/>
  <system-out/>
  <testcase classname="com.selenium.webobject.BrowserCode_WebDriverManager" name="edgeTest" time="30.816"/>
  <system-out/>
</testsuite> <!-- com.selenium.webobject.BrowserCode_WebDriverManager -->
