<?xml version="1.0" encoding="UTF-8"?>
<!-- Generated by org.testng.reporters.JUnitReportReporter -->
<testsuite hostname="DESKTOP-FV3H1D7" failures="0" tests="1" name="com.selenium.webobject.Code_For_KeyboardHandle_6" time="25.184" errors="0" timestamp="2022-05-14T12:49:44 IST" skipped="0">
  <testcase classname="com.selenium.webobject.Code_For_KeyboardHandle_6" name="Code_For_KeyboardHandle_Test" time="25.184"/>
  <system-out/>
</testsuite> <!-- com.selenium.webobject.Code_For_KeyboardHandle_6 -->
