<?xml version="1.0" encoding="UTF-8"?>
<!-- Generated by org.testng.reporters.JUnitReportReporter -->
<testsuite hostname="DESKTOP-FV3H1D7" failures="0" tests="4" name="com.testng.BasicWebObjects" time="24.652" errors="0" timestamp="2022-05-08T13:05:42 IST" skipped="0">
  <testcase classname="com.testng.BasicWebObjects" name="handleTextBox" time="15.662"/>
  <system-out/>
  <testcase classname="com.testng.BasicWebObjects" name="handleRadioButton" time="0.946"/>
  <system-out/>
  <testcase classname="com.testng.BasicWebObjects" name="handleCheckBox" time="1.681"/>
  <system-out/>
  <testcase classname="com.testng.BasicWebObjects" name="handleDropDown" time="6.363"/>
  <system-out/>
</testsuite> <!-- com.testng.BasicWebObjects -->
